c:\users\ev123\desktop\4th year\csu44052- computer graphics\lab 8 - final project v3\build\intermediate\debug\vc142.pdb
c:\users\ev123\desktop\4th year\csu44052- computer graphics\lab 8 - final project v3\build\intermediate\debug\vc142.idb
c:\users\ev123\desktop\4th year\csu44052- computer graphics\lab 8 - final project v3\build\intermediate\debug\stb_image.obj
c:\users\ev123\desktop\4th year\csu44052- computer graphics\lab 8 - final project v3\build\intermediate\debug\skybox.obj
c:\users\ev123\desktop\4th year\csu44052- computer graphics\lab 8 - final project v3\build\intermediate\debug\shaders.obj
c:\users\ev123\desktop\4th year\csu44052- computer graphics\lab 8 - final project v3\build\intermediate\debug\model.obj
c:\users\ev123\desktop\4th year\csu44052- computer graphics\lab 8 - final project v3\build\intermediate\debug\maths_funcs.obj
c:\users\ev123\desktop\4th year\csu44052- computer graphics\lab 8 - final project v3\build\intermediate\debug\main.obj
c:\users\ev123\desktop\4th year\csu44052- computer graphics\lab 8 - final project v4\build\intermediate\debug\vc142.pdb
c:\users\ev123\desktop\4th year\csu44052- computer graphics\lab 8 - final project v4\build\intermediate\debug\vc142.idb
c:\users\ev123\desktop\4th year\csu44052- computer graphics\lab 8 - final project v4\build\intermediate\debug\stb_image.obj
c:\users\ev123\desktop\4th year\csu44052- computer graphics\lab 8 - final project v4\build\intermediate\debug\skybox.obj
c:\users\ev123\desktop\4th year\csu44052- computer graphics\lab 8 - final project v4\build\intermediate\debug\shaders.obj
c:\users\ev123\desktop\4th year\csu44052- computer graphics\lab 8 - final project v4\build\intermediate\debug\model.obj
c:\users\ev123\desktop\4th year\csu44052- computer graphics\lab 8 - final project v4\build\intermediate\debug\maths_funcs.obj
c:\users\ev123\desktop\4th year\csu44052- computer graphics\lab 8 - final project v4\build\intermediate\debug\main.obj
c:\users\ev123\desktop\4th year\csu44052- computer graphics\lab 8 - final project v3\build\executables\debug\lab 04.exe
c:\users\ev123\desktop\4th year\csu44052- computer graphics\lab 8 - final project v3\build\intermediate\debug\lab 04.ilk
c:\users\ev123\desktop\4th year\csu44052- computer graphics\lab 8 - final project v3\build\executables\debug\lab 04.pdb
c:\users\ev123\desktop\4th year\csu44052- computer graphics\lab 8 - final project v4\build\executables\debug\lab 04.exe
c:\users\ev123\desktop\4th year\csu44052- computer graphics\lab 8 - final project v4\build\intermediate\debug\lab 04.ilk
c:\users\ev123\desktop\4th year\csu44052- computer graphics\lab 8 - final project v4\build\executables\debug\lab 04.pdb
c:\users\ev123\desktop\4th year\csu44052- computer graphics\lab 8 - final project v4\\build\executables\debug\lab 04.pdb
c:\users\ev123\desktop\4th year\csu44052- computer graphics\lab 8 - final project v4\build\intermediate\debug\lab 04.tlog\cl.command.1.tlog
c:\users\ev123\desktop\4th year\csu44052- computer graphics\lab 8 - final project v4\build\intermediate\debug\lab 04.tlog\cl.read.1.tlog
c:\users\ev123\desktop\4th year\csu44052- computer graphics\lab 8 - final project v4\build\intermediate\debug\lab 04.tlog\cl.write.1.tlog
c:\users\ev123\desktop\4th year\csu44052- computer graphics\lab 8 - final project v4\build\intermediate\debug\lab 04.tlog\link.command.1.tlog
c:\users\ev123\desktop\4th year\csu44052- computer graphics\lab 8 - final project v4\build\intermediate\debug\lab 04.tlog\link.read.1.tlog
c:\users\ev123\desktop\4th year\csu44052- computer graphics\lab 8 - final project v4\build\intermediate\debug\lab 04.tlog\link.write.1.tlog
